<?xml version="1.0" encoding="UTF-8"?>
<!-- Generated by org.testng.reporters.JUnitReportReporter -->
<testsuite hostname="DESKTOP-8N3GFA8" failures="0" tests="1" name="Test_Regression.LoginPage" time="0.879" errors="0" timestamp="2023-01-18T12:27:43 IST" skipped="0">
  <testcase classname="Test_Regression.LoginPage" name="Invalid_email" time="0.879"/>
  <system-out/>
</testsuite> <!-- Test_Regression.LoginPage -->
